Using pre-set license
Built from '2020.3/staging' branch; Version is '2020.3.4f1 (0abb6314276a) revision 703331'; Using compiler version '192528614'; Build Type 'Release'
OS: 'Windows 10 Home; OS build 19042.867; Version 2009; 64bit' Language: 'ru' Physical Memory: 16211 MB
BatchMode: 1, IsHumanControllingUs: 0, StartBugReporterOnCrash: 0, Is64bit: 1, IsPro: 0

 COMMAND LINE ARGUMENTS:
D:\Program\2020.3.4f1\Editor\Unity.exe
-adb2
-batchMode
-noUpm
-name
AssetImportWorker0
-projectPath
D:/study/Водний/5 курс 2 семестр/Розробка ігор/YaSdelyal
-logFile
Logs/AssetImportWorker0.log
-srvPort
54090
Successfully changed project path to: D:/study/Водний/5 курс 2 семестр/Розробка ігор/YaSdelyal
D:/study/Водний/5 курс 2 семестр/Розробка ігор/YaSdelyal
Using Asset Import Pipeline V2.
Refreshing native plugins compatible for Editor in 42.21 ms, found 0 plugins.
Preloading 0 native plugins for Editor in 0.00 ms.
Initialize engine version: 2020.3.4f1 (0abb6314276a)
[Subsystems] Discovering subsystems at path D:/Program/2020.3.4f1/Editor/Data/Resources/UnitySubsystems
[Subsystems] Discovering subsystems at path D:/study/Водний/5 курс 2 семестр/Розробка ігор/YaSdelyal/Assets
GfxDevice: creating device client; threaded=0
Direct3D:
    Version:  Direct3D 11.0 [level 11.0]
    Renderer: NVIDIA GeForce GTX 960M (ID=0x139b)
    Vendor:   
    VRAM:     4055 MB
    Driver:   25.21.14.1935
Initialize mono
Mono path[0] = 'D:/Program/2020.3.4f1/Editor/Data/Managed'
Mono path[1] = 'D:/Program/2020.3.4f1/Editor/Data/MonoBleedingEdge/lib/mono/unityjit'
Mono config path = 'D:/Program/2020.3.4f1/Editor/Data/MonoBleedingEdge/etc'
Using monoOptions --debugger-agent=transport=dt_socket,embedding=1,server=y,suspend=n,address=127.0.0.1:56776
Begin MonoManager ReloadAssembly
Registering precompiled unity dll's ...
Register platform support module: D:/Program/2020.3.4f1/Editor/Data/PlaybackEngines/WindowsStandaloneSupport/UnityEditor.WindowsStandalone.Extensions.dll
Registered in 0.001387 seconds.
Native extension for WindowsStandalone target not found
Refreshing native plugins compatible for Editor in 41.22 ms, found 0 plugins.
Preloading 0 native plugins for Editor in 0.00 ms.
Mono: successfully reloaded assembly
- Completed reload, in  1.692 seconds
Platform modules already initialized, skipping
Registering precompiled user dll's ...
Registered in 0.001007 seconds.
Begin MonoManager ReloadAssembly
Native extension for WindowsStandalone target not found
Refreshing native plugins compatible for Editor in 0.62 ms, found 0 plugins.
Preloading 0 native plugins for Editor in 0.00 ms.
Mono: successfully reloaded assembly
- Completed reload, in  1.064 seconds
Platform modules already initialized, skipping
========================================================================
Worker process is ready to serve import requests
Launched and connected shader compiler UnityShaderCompiler.exe after 0.06 seconds
Refreshing native plugins compatible for Editor in 0.34 ms, found 0 plugins.
Preloading 0 native plugins for Editor in 0.00 ms.
Unloading 1355 Unused Serialized files (Serialized files now loaded: 0)
System memory in use before: 104.4 MB.
System memory in use after: 104.1 MB.

Unloading 12 unused Assets to reduce memory usage. Loaded Objects now: 1826.
Total: 2.382400 ms (FindLiveObjects: 0.155700 ms CreateObjectMapping: 0.069300 ms MarkObjects: 1.727900 ms  DeleteObjects: 0.428600 ms)

========================================================================
Received Import Request.
  path: Assets/Scripts/MainMenu.cs
  artifactKey: Guid(a665d8ca7e4bc7848a761959741f03e0) Importer(815301076,1909f56bfc062723c751e8b465ee728b)
Start importing Assets/Scripts/MainMenu.cs using Guid(a665d8ca7e4bc7848a761959741f03e0) Importer(815301076,1909f56bfc062723c751e8b465ee728b)  -> (artifact id: '19c5d1f03580d66a433fab0ed7f13cf6') in 0.120734 seconds
  Import took 0.123246 seconds .

========================================================================
Received Import Request.
  Time since last request: 49.654597 seconds.
  path: Assets/Scripts/MainMenu.cs
  artifactKey: Guid(a665d8ca7e4bc7848a761959741f03e0) Importer(815301076,1909f56bfc062723c751e8b465ee728b)
Start importing Assets/Scripts/MainMenu.cs using Guid(a665d8ca7e4bc7848a761959741f03e0) Importer(815301076,1909f56bfc062723c751e8b465ee728b)  -> (artifact id: 'ecb0e826abe6af86975474eb308b938d') in 0.004158 seconds
  Import took 0.009085 seconds .

========================================================================
Received Prepare
Registering precompiled user dll's ...
Registered in 0.000878 seconds.
Begin MonoManager ReloadAssembly
Native extension for WindowsStandalone target not found
Refreshing native plugins compatible for Editor in 0.37 ms, found 0 plugins.
Preloading 0 native plugins for Editor in 0.00 ms.
Mono: successfully reloaded assembly
- Completed reload, in  1.101 seconds
Platform modules already initialized, skipping
Refreshing native plugins compatible for Editor in 0.34 ms, found 0 plugins.
Preloading 0 native plugins for Editor in 0.00 ms.
Unloading 1266 Unused Serialized files (Serialized files now loaded: 0)
System memory in use before: 96.0 MB.
System memory in use after: 95.7 MB.

Unloading 7 unused Assets to reduce memory usage. Loaded Objects now: 1829.
Total: 2.316500 ms (FindLiveObjects: 0.192500 ms CreateObjectMapping: 0.052500 ms MarkObjects: 1.663100 ms  DeleteObjects: 0.407100 ms)

========================================================================
Received Prepare
Registering precompiled user dll's ...
Registered in 0.001059 seconds.
Begin MonoManager ReloadAssembly
Native extension for WindowsStandalone target not found
Refreshing native plugins compatible for Editor in 0.41 ms, found 0 plugins.
Preloading 0 native plugins for Editor in 0.00 ms.
Mono: successfully reloaded assembly
- Completed reload, in  0.920 seconds
Platform modules already initialized, skipping
Refreshing native plugins compatible for Editor in 0.34 ms, found 0 plugins.
Preloading 0 native plugins for Editor in 0.00 ms.
Unloading 1266 Unused Serialized files (Serialized files now loaded: 0)
System memory in use before: 96.1 MB.
System memory in use after: 95.7 MB.

Unloading 7 unused Assets to reduce memory usage. Loaded Objects now: 1832.
Total: 2.656100 ms (FindLiveObjects: 0.251100 ms CreateObjectMapping: 0.082900 ms MarkObjects: 1.869300 ms  DeleteObjects: 0.452000 ms)

========================================================================
Received Import Request.
  Time since last request: 121.357561 seconds.
  path: Assets/Scenes/menu.unity
  artifactKey: Guid(fb74158f37726de4098cfe206e35fbab) Importer(815301076,1909f56bfc062723c751e8b465ee728b)
Start importing Assets/Scenes/menu.unity using Guid(fb74158f37726de4098cfe206e35fbab) Importer(815301076,1909f56bfc062723c751e8b465ee728b)  -> (artifact id: '1cf4b93b27bb70019e2b784c3830541f') in 0.048137 seconds
  Import took 0.051094 seconds .

========================================================================
Received Prepare
Registering precompiled user dll's ...
Registered in 0.001266 seconds.
Begin MonoManager ReloadAssembly
Native extension for WindowsStandalone target not found
Refreshing native plugins compatible for Editor in 0.33 ms, found 0 plugins.
Preloading 0 native plugins for Editor in 0.00 ms.
Mono: successfully reloaded assembly
- Completed reload, in  0.906 seconds
Platform modules already initialized, skipping
Refreshing native plugins compatible for Editor in 0.32 ms, found 0 plugins.
Preloading 0 native plugins for Editor in 0.00 ms.
Unloading 1266 Unused Serialized files (Serialized files now loaded: 0)
System memory in use before: 96.1 MB.
System memory in use after: 95.8 MB.

Unloading 7 unused Assets to reduce memory usage. Loaded Objects now: 1835.
Total: 2.994400 ms (FindLiveObjects: 0.233500 ms CreateObjectMapping: 0.076700 ms MarkObjects: 2.250700 ms  DeleteObjects: 0.432200 ms)

========================================================================
Received Prepare
Refreshing native plugins compatible for Editor in 1.33 ms, found 0 plugins.
Preloading 0 native plugins for Editor in 0.00 ms.
Unloading 5 Unused Serialized files (Serialized files now loaded: 0)
System memory in use before: 70.5 MB.
System memory in use after: 70.2 MB.

Unloading 5 unused Assets to reduce memory usage. Loaded Objects now: 1835.
Total: 3.348300 ms (FindLiveObjects: 0.243900 ms CreateObjectMapping: 0.085800 ms MarkObjects: 2.287600 ms  DeleteObjects: 0.729300 ms)

========================================================================
Received Prepare
Registering precompiled user dll's ...
Registered in 0.000925 seconds.
Begin MonoManager ReloadAssembly
Native extension for WindowsStandalone target not found
Refreshing native plugins compatible for Editor in 0.30 ms, found 0 plugins.
Preloading 0 native plugins for Editor in 0.00 ms.
Mono: successfully reloaded assembly
- Completed reload, in  1.027 seconds
Platform modules already initialized, skipping
Refreshing native plugins compatible for Editor in 0.31 ms, found 0 plugins.
Preloading 0 native plugins for Editor in 0.00 ms.
Unloading 1266 Unused Serialized files (Serialized files now loaded: 0)
System memory in use before: 96.2 MB.
System memory in use after: 95.9 MB.

Unloading 7 unused Assets to reduce memory usage. Loaded Objects now: 1838.
Total: 2.452600 ms (FindLiveObjects: 0.145200 ms CreateObjectMapping: 0.064400 ms MarkObjects: 1.783100 ms  DeleteObjects: 0.459000 ms)

========================================================================
Received Prepare
Registering precompiled user dll's ...
Registered in 0.001315 seconds.
Begin MonoManager ReloadAssembly
Native extension for WindowsStandalone target not found
Refreshing native plugins compatible for Editor in 0.34 ms, found 0 plugins.
Preloading 0 native plugins for Editor in 0.00 ms.
Mono: successfully reloaded assembly
- Completed reload, in  1.387 seconds
Platform modules already initialized, skipping
Refreshing native plugins compatible for Editor in 0.52 ms, found 0 plugins.
Preloading 0 native plugins for Editor in 0.00 ms.
Unloading 1266 Unused Serialized files (Serialized files now loaded: 0)
System memory in use before: 96.2 MB.
System memory in use after: 95.9 MB.

Unloading 7 unused Assets to reduce memory usage. Loaded Objects now: 1841.
Total: 3.353100 ms (FindLiveObjects: 0.264000 ms CreateObjectMapping: 0.150300 ms MarkObjects: 2.081200 ms  DeleteObjects: 0.855800 ms)

========================================================================
Received Prepare
Registering precompiled user dll's ...
Registered in 0.000836 seconds.
Begin MonoManager ReloadAssembly
Native extension for WindowsStandalone target not found
Refreshing native plugins compatible for Editor in 0.46 ms, found 0 plugins.
Preloading 0 native plugins for Editor in 0.00 ms.
Mono: successfully reloaded assembly
- Completed reload, in  1.009 seconds
Platform modules already initialized, skipping
Refreshing native plugins compatible for Editor in 0.32 ms, found 0 plugins.
Preloading 0 native plugins for Editor in 0.00 ms.
Unloading 1266 Unused Serialized files (Serialized files now loaded: 0)
System memory in use before: 96.2 MB.
System memory in use after: 95.9 MB.

Unloading 7 unused Assets to reduce memory usage. Loaded Objects now: 1844.
Total: 2.189100 ms (FindLiveObjects: 0.234700 ms CreateObjectMapping: 0.048300 ms MarkObjects: 1.503600 ms  DeleteObjects: 0.401200 ms)

========================================================================
Received Prepare
Registering precompiled user dll's ...
Registered in 0.000923 seconds.
Begin MonoManager ReloadAssembly
Native extension for WindowsStandalone target not found
Refreshing native plugins compatible for Editor in 0.33 ms, found 0 plugins.
Preloading 0 native plugins for Editor in 0.00 ms.
Mono: successfully reloaded assembly
- Completed reload, in  0.887 seconds
Platform modules already initialized, skipping
Refreshing native plugins compatible for Editor in 0.32 ms, found 0 plugins.
Preloading 0 native plugins for Editor in 0.00 ms.
Unloading 1267 Unused Serialized files (Serialized files now loaded: 0)
System memory in use before: 96.2 MB.
System memory in use after: 95.9 MB.

Unloading 7 unused Assets to reduce memory usage. Loaded Objects now: 1848.
Total: 2.563500 ms (FindLiveObjects: 0.198600 ms CreateObjectMapping: 0.064400 ms MarkObjects: 1.850000 ms  DeleteObjects: 0.449000 ms)

========================================================================
Received Import Request.
  Time since last request: 683.920080 seconds.
  path: Assets/Scripts/Coursor.cs
  artifactKey: Guid(3ebc31db97fb37640ab66fa939612175) Importer(815301076,1909f56bfc062723c751e8b465ee728b)
Start importing Assets/Scripts/Coursor.cs using Guid(3ebc31db97fb37640ab66fa939612175) Importer(815301076,1909f56bfc062723c751e8b465ee728b)  -> (artifact id: '3f49d2e6d5fb3258258636c7ba11cb1a') in 0.011917 seconds
  Import took 0.014722 seconds .

========================================================================
Received Prepare
Registering precompiled user dll's ...
Registered in 0.001119 seconds.
Begin MonoManager ReloadAssembly
Native extension for WindowsStandalone target not found
Refreshing native plugins compatible for Editor in 0.45 ms, found 0 plugins.
Preloading 0 native plugins for Editor in 0.00 ms.
Mono: successfully reloaded assembly
- Completed reload, in  1.004 seconds
Platform modules already initialized, skipping
Refreshing native plugins compatible for Editor in 0.40 ms, found 0 plugins.
Preloading 0 native plugins for Editor in 0.00 ms.
Unloading 1267 Unused Serialized files (Serialized files now loaded: 0)
System memory in use before: 96.2 MB.
System memory in use after: 95.9 MB.

Unloading 7 unused Assets to reduce memory usage. Loaded Objects now: 1851.
Total: 2.860000 ms (FindLiveObjects: 0.167300 ms CreateObjectMapping: 0.052900 ms MarkObjects: 2.096800 ms  DeleteObjects: 0.542000 ms)

========================================================================
Received Prepare
Registering precompiled user dll's ...
Registered in 0.000974 seconds.
Begin MonoManager ReloadAssembly
Native extension for WindowsStandalone target not found
Refreshing native plugins compatible for Editor in 0.31 ms, found 0 plugins.
Preloading 0 native plugins for Editor in 0.00 ms.
Mono: successfully reloaded assembly
- Completed reload, in  0.936 seconds
Platform modules already initialized, skipping
Refreshing native plugins compatible for Editor in 0.38 ms, found 0 plugins.
Preloading 0 native plugins for Editor in 0.00 ms.
Unloading 1267 Unused Serialized files (Serialized files now loaded: 0)
System memory in use before: 96.2 MB.
System memory in use after: 95.9 MB.

Unloading 7 unused Assets to reduce memory usage. Loaded Objects now: 1854.
Total: 3.090700 ms (FindLiveObjects: 0.273200 ms CreateObjectMapping: 0.074800 ms MarkObjects: 2.204400 ms  DeleteObjects: 0.536900 ms)

========================================================================
Received Prepare
Registering precompiled user dll's ...
Registered in 0.001185 seconds.
Begin MonoManager ReloadAssembly
Native extension for WindowsStandalone target not found
Refreshing native plugins compatible for Editor in 0.48 ms, found 0 plugins.
Preloading 0 native plugins for Editor in 0.00 ms.
Mono: successfully reloaded assembly
- Completed reload, in  1.290 seconds
Platform modules already initialized, skipping
Refreshing native plugins compatible for Editor in 0.54 ms, found 0 plugins.
Preloading 0 native plugins for Editor in 0.00 ms.
Unloading 1267 Unused Serialized files (Serialized files now loaded: 0)
System memory in use before: 96.2 MB.
System memory in use after: 95.9 MB.

Unloading 7 unused Assets to reduce memory usage. Loaded Objects now: 1857.
Total: 3.013200 ms (FindLiveObjects: 0.179500 ms CreateObjectMapping: 0.071800 ms MarkObjects: 2.121600 ms  DeleteObjects: 0.638600 ms)

========================================================================
Received Prepare
Registering precompiled user dll's ...
Registered in 0.001034 seconds.
Begin MonoManager ReloadAssembly
Native extension for WindowsStandalone target not found
Refreshing native plugins compatible for Editor in 0.61 ms, found 0 plugins.
Preloading 0 native plugins for Editor in 0.00 ms.
Mono: successfully reloaded assembly
- Completed reload, in  1.148 seconds
Platform modules already initialized, skipping
Refreshing native plugins compatible for Editor in 0.35 ms, found 0 plugins.
Preloading 0 native plugins for Editor in 0.00 ms.
Unloading 1267 Unused Serialized files (Serialized files now loaded: 0)
System memory in use before: 96.2 MB.
System memory in use after: 95.9 MB.

Unloading 7 unused Assets to reduce memory usage. Loaded Objects now: 1860.
Total: 2.918600 ms (FindLiveObjects: 0.352600 ms CreateObjectMapping: 0.101500 ms MarkObjects: 1.873100 ms  DeleteObjects: 0.589300 ms)

========================================================================
Received Prepare
Refreshing native plugins compatible for Editor in 0.89 ms, found 0 plugins.
Preloading 0 native plugins for Editor in 0.00 ms.
Unloading 5 Unused Serialized files (Serialized files now loaded: 0)
System memory in use before: 70.6 MB.
System memory in use after: 70.3 MB.

Unloading 5 unused Assets to reduce memory usage. Loaded Objects now: 1860.
Total: 2.234000 ms (FindLiveObjects: 0.150400 ms CreateObjectMapping: 0.061400 ms MarkObjects: 1.514400 ms  DeleteObjects: 0.506800 ms)

========================================================================
Received Prepare
Registering precompiled user dll's ...
Registered in 0.000973 seconds.
Begin MonoManager ReloadAssembly
Native extension for WindowsStandalone target not found
Refreshing native plugins compatible for Editor in 0.31 ms, found 0 plugins.
Preloading 0 native plugins for Editor in 0.00 ms.
Mono: successfully reloaded assembly
- Completed reload, in  0.864 seconds
Platform modules already initialized, skipping
Refreshing native plugins compatible for Editor in 0.31 ms, found 0 plugins.
Preloading 0 native plugins for Editor in 0.00 ms.
Unloading 1267 Unused Serialized files (Serialized files now loaded: 0)
System memory in use before: 96.2 MB.
System memory in use after: 95.9 MB.

Unloading 7 unused Assets to reduce memory usage. Loaded Objects now: 1863.
Total: 2.809500 ms (FindLiveObjects: 0.334600 ms CreateObjectMapping: 0.050700 ms MarkObjects: 1.888400 ms  DeleteObjects: 0.534700 ms)

========================================================================
Received Prepare
Registering precompiled user dll's ...
Registered in 0.000923 seconds.
Begin MonoManager ReloadAssembly
Native extension for WindowsStandalone target not found
Refreshing native plugins compatible for Editor in 0.32 ms, found 0 plugins.
Preloading 0 native plugins for Editor in 0.00 ms.
Mono: successfully reloaded assembly
- Completed reload, in  1.169 seconds
Platform modules already initialized, skipping
Refreshing native plugins compatible for Editor in 0.55 ms, found 0 plugins.
Preloading 0 native plugins for Editor in 0.00 ms.
Unloading 1267 Unused Serialized files (Serialized files now loaded: 0)
System memory in use before: 96.2 MB.
System memory in use after: 95.9 MB.

Unloading 7 unused Assets to reduce memory usage. Loaded Objects now: 1866.
Total: 2.719700 ms (FindLiveObjects: 0.184300 ms CreateObjectMapping: 0.044600 ms MarkObjects: 2.006600 ms  DeleteObjects: 0.483200 ms)

========================================================================
Received Prepare
Refreshing native plugins compatible for Editor in 1.51 ms, found 0 plugins.
Preloading 0 native plugins for Editor in 0.00 ms.
Unloading 5 Unused Serialized files (Serialized files now loaded: 0)
System memory in use before: 70.6 MB.
System memory in use after: 70.3 MB.

Unloading 5 unused Assets to reduce memory usage. Loaded Objects now: 1866.
Total: 3.301000 ms (FindLiveObjects: 0.179500 ms CreateObjectMapping: 0.056700 ms MarkObjects: 2.137800 ms  DeleteObjects: 0.925200 ms)

AssetImportWorkerClient::OnTransportError - code=2 error=End of file
